<?xml version="1.0" encoding="UTF-8"?>
<!-- Generated by org.testng.reporters.JUnitReportReporter -->
<testsuite hostname="Nithia" failures="0" tests="3" name="com.CRM.TestCases.HomePageTest" time="0.185" errors="0" timestamp="2024-04-15T14:23:42 CDT" skipped="0">
  <testcase classname="com.CRM.TestCases.HomePageTest" name="VerifyUrl" time="0.014"/>
  <system-out/>
  <testcase classname="com.CRM.TestCases.HomePageTest" name="VerifyTitle" time="0.010"/>
  <system-out/>
  <testcase classname="com.CRM.TestCases.HomePageTest" name="VerifySignIn" time="0.161"/>
  <system-out/>
</testsuite> <!-- com.CRM.TestCases.HomePageTest -->
