<?xml version="1.0" encoding="UTF-8"?>
<!-- Generated by org.testng.reporters.JUnitReportReporter -->
<testsuite hostname="Nithia" failures="0" tests="1" name="com.CRM.TestCases.LoginPageTest" time="0.332" errors="0" timestamp="2024-04-16T12:04:37 CDT" skipped="0">
  <testcase classname="com.CRM.TestCases.LoginPageTest" name="verifyLogin" time="0.332"/>
  <system-out/>
</testsuite> <!-- com.CRM.TestCases.LoginPageTest -->
